<?xml version="1.0" encoding="UTF-8"?>
<!-- Generated by org.testng.reporters.JUnitXMLReporter -->
<testsuite ignored="0" hostname="DESKTOP-B0IF1F6" failures="0" tests="6" name="Default test" time="37.054" errors="0" timestamp="2021-04-21T22:06:55 ICT">
  <testcase classname="testing.Message_test" name="Submit_Message_form_with_invalid_description_data" time="8.794"/>
  <testcase classname="testing.Message_test" name="Submit_Message_form_with_invalid_email_data" time="5.179"/>
  <testcase classname="testing.Message_test" name="Submit_Message_form_with_invalid_name_data" time="5.317"/>
  <testcase classname="testing.Message_test" name="Submit_Message_form_with_invalid_phone_data" time="5.162"/>
  <testcase classname="testing.Message_test" name="Submit_Message_form_with_invalid_subject_data" time="5.028"/>
  <testcase classname="testing.Message_test" name="Submit_Message_with_valid_data" time="7.543"/>
</testsuite> <!-- Default test -->
