<?xml version="1.0" encoding="UTF-8"?>
<!-- Generated by org.testng.reporters.JUnitXMLReporter -->
<testsuite ignored="0" hostname="DESKTOP-B0IF1F6" failures="0" tests="6" name="Default test" time="31.086" errors="0" timestamp="2021-04-21T21:39:58 ICT">
  <testcase classname="testing.Message_test" name="Submit_Message_form_with_invalid_description_data" time="5.595"/>
  <testcase classname="testing.Message_test" name="Submit_Message_form_with_invalid_email_data" time="5.134"/>
  <testcase classname="testing.Message_test" name="Submit_Message_form_with_invalid_name_data" time="4.949"/>
  <testcase classname="testing.Message_test" name="Submit_Message_form_with_invalid_phone_data" time="5.094"/>
  <testcase classname="testing.Message_test" name="Submit_Message_form_with_invalid_subject_data" time="5.196"/>
  <testcase classname="testing.Message_test" name="Submit_Message_with_valid_data" time="5.088"/>
</testsuite> <!-- Default test -->
