<?xml version="1.0" encoding="UTF-8"?>
<testng-results ignored="0" total="6" passed="6" failed="0" skipped="0">
  <reporter-output>
  </reporter-output>
  <suite started-at="2021-04-21T22:06:18 ICT" name="Default suite" finished-at="2021-04-21T22:06:55 ICT" duration-ms="37054">
    <groups>
    </groups>
    <test started-at="2021-04-21T22:06:18 ICT" name="Default test" finished-at="2021-04-21T22:06:55 ICT" duration-ms="37054">
      <class name="testing.Message_test">
        <test-method signature="Submit_Message_form_with_invalid_description_data()[pri:0, instance:testing.Message_test@6e509ffa]" started-at="2021-04-21T22:06:18 ICT" name="Submit_Message_form_with_invalid_description_data" description="Submit Message form with invalid description data" finished-at="2021-04-21T22:06:27 ICT" duration-ms="8794" status="PASS">
          <reporter-output>
          </reporter-output>
        </test-method> <!-- Submit_Message_form_with_invalid_description_data -->
        <test-method signature="Submit_Message_form_with_invalid_email_data()[pri:0, instance:testing.Message_test@6e509ffa]" started-at="2021-04-21T22:06:27 ICT" name="Submit_Message_form_with_invalid_email_data" description="Submit Message form with invalid email data" finished-at="2021-04-21T22:06:32 ICT" duration-ms="5179" status="PASS">
          <reporter-output>
          </reporter-output>
        </test-method> <!-- Submit_Message_form_with_invalid_email_data -->
        <test-method signature="Submit_Message_form_with_invalid_name_data()[pri:0, instance:testing.Message_test@6e509ffa]" started-at="2021-04-21T22:06:32 ICT" name="Submit_Message_form_with_invalid_name_data" description="Submit Message form with invalid name data" finished-at="2021-04-21T22:06:37 ICT" duration-ms="5317" status="PASS">
          <reporter-output>
          </reporter-output>
        </test-method> <!-- Submit_Message_form_with_invalid_name_data -->
        <test-method signature="Submit_Message_form_with_invalid_phone_data()[pri:0, instance:testing.Message_test@6e509ffa]" started-at="2021-04-21T22:06:37 ICT" name="Submit_Message_form_with_invalid_phone_data" description="Submit Message form with invalid phone data" finished-at="2021-04-21T22:06:42 ICT" duration-ms="5162" status="PASS">
          <reporter-output>
          </reporter-output>
        </test-method> <!-- Submit_Message_form_with_invalid_phone_data -->
        <test-method signature="Submit_Message_form_with_invalid_subject_data()[pri:0, instance:testing.Message_test@6e509ffa]" started-at="2021-04-21T22:06:42 ICT" name="Submit_Message_form_with_invalid_subject_data" description="Submit Message form with invalid subject data" finished-at="2021-04-21T22:06:47 ICT" duration-ms="5028" status="PASS">
          <reporter-output>
          </reporter-output>
        </test-method> <!-- Submit_Message_form_with_invalid_subject_data -->
        <test-method signature="Submit_Message_with_valid_data()[pri:0, instance:testing.Message_test@6e509ffa]" started-at="2021-04-21T22:06:47 ICT" name="Submit_Message_with_valid_data" description="Submit Message with valid data" finished-at="2021-04-21T22:06:55 ICT" duration-ms="7543" status="PASS">
          <reporter-output>
          </reporter-output>
        </test-method> <!-- Submit_Message_with_valid_data -->
      </class> <!-- testing.Message_test -->
    </test> <!-- Default test -->
  </suite> <!-- Default suite -->
</testng-results>
